Partition Merge report for Lab2
Thu Feb 13 12:18:02 2014
Quartus II 64-Bit Version 9.1 Build 350 03/24/2010 Service Pack 2 SJ Full Version


---------------------
; Table of Contents ;
---------------------
  1. Legal Notice
  2. Partition Merge Summary
  3. Partition Merge Netlist Types Used
  4. Partition Merge Partition Statistics
  5. Partition Merge Resource Usage Summary
  6. Partition Merge RAM Summary
  7. Partition Merge DSP Block Usage Summary
  8. Partition Merge Messages



----------------
; Legal Notice ;
----------------
Copyright (C) 1991-2010 Altera Corporation
Your use of Altera Corporation's design tools, logic functions 
and other software and tools, and its AMPP partner logic 
functions, and any output files from any of the foregoing 
(including device programming or simulation files), and any 
associated documentation or information are expressly subject 
to the terms and conditions of the Altera Program License 
Subscription Agreement, Altera MegaCore Function License 
Agreement, or other applicable license agreement, including, 
without limitation, that your use is for the sole purpose of 
programming logic devices manufactured by Altera and sold by 
Altera or its authorized distributors.  Please refer to the 
applicable agreement for further details.



+------------------------------------------------------------------------------------+
; Partition Merge Summary                                                            ;
+------------------------------------+-----------------------------------------------+
; Partition Merge Status             ; Successful - Thu Feb 13 12:18:02 2014         ;
; Quartus II 64-Bit Version          ; 9.1 Build 350 03/24/2010 SP 2 SJ Full Version ;
; Revision Name                      ; Lab2                                          ;
; Top-level Entity Name              ; Lab2                                          ;
; Family                             ; Cyclone II                                    ;
; Total logic elements               ; 29                                            ;
;     Total combinational functions  ; 29                                            ;
;     Dedicated logic registers      ; 0                                             ;
; Total registers                    ; 0                                             ;
; Total pins                         ; 49                                            ;
; Total virtual pins                 ; 0                                             ;
; Total memory bits                  ; 512                                           ;
; Embedded Multiplier 9-bit elements ; 3                                             ;
; Total PLLs                         ; 0                                             ;
+------------------------------------+-----------------------------------------------+


+---------------------------------------------------------------------------------------------------+
; Partition Merge Netlist Types Used                                                                ;
+----------------+----------------+-------------------+------------------------+--------------------+
; Partition Name ; Partition Type ; Netlist Type Used ; Netlist Type Requested ; Partition Contents ;
+----------------+----------------+-------------------+------------------------+--------------------+
; Top            ; User-created   ; Source File       ; Source File            ;                    ;
+----------------+----------------+-------------------+------------------------+--------------------+


+---------------------------------------------------+
; Partition Merge Partition Statistics              ;
+---------------------------------------------+-----+
; Statistic                                   ; Top ;
+---------------------------------------------+-----+
; Estimated Total logic elements              ; 29  ;
;                                             ;     ;
; Total combinational functions               ; 29  ;
; Logic element usage by number of LUT inputs ;     ;
;     -- 4 input functions                    ; 0   ;
;     -- 3 input functions                    ; 12  ;
;     -- <=2 input functions                  ; 17  ;
;                                             ;     ;
; Logic elements by mode                      ;     ;
;     -- normal mode                          ; 3   ;
;     -- arithmetic mode                      ; 26  ;
;                                             ;     ;
; Total registers                             ; 0   ;
;     -- Dedicated logic registers            ; 0   ;
;     -- I/O registers                        ; 0   ;
;                                             ;     ;
; Virtual pins                                ; 0   ;
; I/O pins                                    ; 49  ;
; Embedded Multiplier 9-bit elements          ; 3   ;
; Total memory bits                           ; 512 ;
; Total RAM block bits                        ; 0   ;
;                                             ;     ;
; Connections                                 ;     ;
;     -- Input Connections                    ; 0   ;
;     -- Registered Input Connections         ; 0   ;
;     -- Output Connections                   ; 0   ;
;     -- Registered Output Connections        ; 0   ;
;                                             ;     ;
; Internal Connections                        ;     ;
;     -- Total Connections                    ; 195 ;
;     -- Registered Connections               ; 0   ;
;                                             ;     ;
; External Connections                        ;     ;
;     -- Top                                  ; 0   ;
;                                             ;     ;
; Partition Interface                         ;     ;
;     -- Input Ports                          ; 24  ;
;     -- Output Ports                         ; 25  ;
;     -- Bidir Ports                          ; 0   ;
;                                             ;     ;
; Registered Ports                            ;     ;
;     -- Registered Input Ports               ; 0   ;
;     -- Registered Output Ports              ; 0   ;
;                                             ;     ;
; Port Connectivity                           ;     ;
;     -- Input Ports driven by GND            ; 0   ;
;     -- Output Ports driven by GND           ; 0   ;
;     -- Input Ports driven by VCC            ; 0   ;
;     -- Output Ports driven by VCC           ; 0   ;
;     -- Input Ports with no Source           ; 0   ;
;     -- Output Ports with no Source          ; 0   ;
;     -- Input Ports with no Fanout           ; 0   ;
;     -- Output Ports with no Fanout          ; 0   ;
+---------------------------------------------+-----+
Note: Resource usage numbers presented for Partitions containing post-synthesis logic are estimates.  For Partitions containing post-fit logic, resource usage numbers are accurate based on previous placement information.  Actual Fitter results may vary depending on current Fitter Preservation Level assignments.


+--------------------------------------------------------------------------------------------------------------------+
; Partition Merge Resource Usage Summary                                                                             ;
+---------------------------------------------+----------------------------------------------------------------------+
; Resource                                    ; Usage                                                                ;
+---------------------------------------------+----------------------------------------------------------------------+
; Estimated Total logic elements              ; 29                                                                   ;
;                                             ;                                                                      ;
; Total combinational functions               ; 29                                                                   ;
; Logic element usage by number of LUT inputs ;                                                                      ;
;     -- 4 input functions                    ; 0                                                                    ;
;     -- 3 input functions                    ; 12                                                                   ;
;     -- <=2 input functions                  ; 17                                                                   ;
;                                             ;                                                                      ;
; Logic elements by mode                      ;                                                                      ;
;     -- normal mode                          ; 3                                                                    ;
;     -- arithmetic mode                      ; 26                                                                   ;
;                                             ;                                                                      ;
; Total registers                             ; 0                                                                    ;
;     -- Dedicated logic registers            ; 0                                                                    ;
;     -- I/O registers                        ; 0                                                                    ;
;                                             ;                                                                      ;
; I/O pins                                    ; 49                                                                   ;
; Total memory bits                           ; 512                                                                  ;
; Embedded Multiplier 9-bit elements          ; 3                                                                    ;
; Maximum fan-out node                        ; g01_dayseconds:inst|lpm_mult:mult2|mult_19o:auto_generated|result[0] ;
; Maximum fan-out                             ; 17                                                                   ;
; Total fan-out                               ; 167                                                                  ;
; Average fan-out                             ; 1.86                                                                 ;
+---------------------------------------------+----------------------------------------------------------------------+


+-------------------------------------------------------------------------------------------------------------------------------------------------------------------------------------------------------------------------------+
; Partition Merge RAM Summary                                                                                                                                                                                                   ;
+----------------------------------------------------------------------------------------------------------------------+------+------+--------------+--------------+--------------+--------------+------+-----------------------+
; Name                                                                                                                 ; Type ; Mode ; Port A Depth ; Port A Width ; Port B Depth ; Port B Width ; Size ; MIF                   ;
+----------------------------------------------------------------------------------------------------------------------+------+------+--------------+--------------+--------------+--------------+------+-----------------------+
; g01_binary_to_BCD:inst1|lpm_rom:bcd_table|altrom:srom|altsyncram:rom_block|altsyncram_v111:auto_generated|ALTSYNCRAM ; AUTO ; ROM  ; 64           ; 8            ; --           ; --           ; 512  ; g01_binary_to_BCD.mif ;
+----------------------------------------------------------------------------------------------------------------------+------+------+--------------+--------------+--------------+--------------+------+-----------------------+


+-----------------------------------------------------+
; Partition Merge DSP Block Usage Summary             ;
+---------------------------------------+-------------+
; Statistic                             ; Number Used ;
+---------------------------------------+-------------+
; Simple Multipliers (9-bit)            ; 1           ;
; Simple Multipliers (18-bit)           ; 1           ;
; Embedded Multiplier Blocks            ; --          ;
; Embedded Multiplier 9-bit elements    ; 3           ;
; Signed Embedded Multipliers           ; 0           ;
; Unsigned Embedded Multipliers         ; 2           ;
; Mixed Sign Embedded Multipliers       ; 0           ;
; Variable Sign Embedded Multipliers    ; 0           ;
; Dedicated Input Shift Register Chains ; 0           ;
+---------------------------------------+-------------+
Note: number of Embedded Multiplier Blocks used is only available after a successful fit.


+--------------------------+
; Partition Merge Messages ;
+--------------------------+
Info: *******************************************************************
Info: Running Quartus II 64-Bit Partition Merge
    Info: Version 9.1 Build 350 03/24/2010 Service Pack 2 SJ Full Version
    Info: Processing started: Thu Feb 13 12:18:01 2014
Info: Command: quartus_cdb --read_settings_files=on --write_settings_files=off Lab2 -c Lab2 --merge=on
Info: Using synthesis netlist for partition "Top"
Info: Resolved and merged 1 partition(s)
Info: Implemented 89 device resources after synthesis - the final resource count might be different
    Info: Implemented 24 input pins
    Info: Implemented 25 output pins
    Info: Implemented 29 logic cells
    Info: Implemented 8 RAM segments
    Info: Implemented 3 DSP elements
Info: Quartus II 64-Bit Partition Merge was successful. 0 errors, 0 warnings
    Info: Peak virtual memory: 273 megabytes
    Info: Processing ended: Thu Feb 13 12:18:02 2014
    Info: Elapsed time: 00:00:01
    Info: Total CPU time (on all processors): 00:00:01


