Analysis & Synthesis report for Lab2
Wed Feb 12 17:07:29 2014
Quartus II 64-Bit Version 9.1 Build 350 03/24/2010 Service Pack 2 SJ Full Version


---------------------
; Table of Contents ;
---------------------
  1. Legal Notice
  2. Analysis & Synthesis Summary
  3. Analysis & Synthesis Settings
  4. Parallel Compilation
  5. Analysis & Synthesis Source Files Read
  6. Analysis & Synthesis Resource Usage Summary
  7. Analysis & Synthesis Resource Utilization by Entity
  8. Analysis & Synthesis DSP Block Usage Summary
  9. General Register Statistics
 10. Parameter Settings for User Entity Instance: g01_dayseconds:inst|LPM_MULT:mult1
 11. Parameter Settings for User Entity Instance: g01_dayseconds:inst|LPM_MULT:mult2
 12. Parameter Settings for User Entity Instance: g01_dayseconds:inst|LPM_ADD_SUB:add1
 13. Parameter Settings for User Entity Instance: g01_dayseconds:inst|LPM_ADD_SUB:add2
 14. lpm_mult Parameter Settings by Entity Instance
 15. Analysis & Synthesis Messages



----------------
; Legal Notice ;
----------------
Copyright (C) 1991-2010 Altera Corporation
Your use of Altera Corporation's design tools, logic functions 
and other software and tools, and its AMPP partner logic 
functions, and any output files from any of the foregoing 
(including device programming or simulation files), and any 
associated documentation or information are expressly subject 
to the terms and conditions of the Altera Program License 
Subscription Agreement, Altera MegaCore Function License 
Agreement, or other applicable license agreement, including, 
without limitation, that your use is for the sole purpose of 
programming logic devices manufactured by Altera and sold by 
Altera or its authorized distributors.  Please refer to the 
applicable agreement for further details.



+------------------------------------------------------------------------------------+
; Analysis & Synthesis Summary                                                       ;
+------------------------------------+-----------------------------------------------+
; Analysis & Synthesis Status        ; Successful - Wed Feb 12 17:07:28 2014         ;
; Quartus II 64-Bit Version          ; 9.1 Build 350 03/24/2010 SP 2 SJ Full Version ;
; Revision Name                      ; Lab2                                          ;
; Top-level Entity Name              ; Lab2                                          ;
; Family                             ; Cyclone II                                    ;
; Total logic elements               ; 29                                            ;
;     Total combinational functions  ; 29                                            ;
;     Dedicated logic registers      ; 0                                             ;
; Total registers                    ; 0                                             ;
; Total pins                         ; 34                                            ;
; Total virtual pins                 ; 0                                             ;
; Total memory bits                  ; 0                                             ;
; Embedded Multiplier 9-bit elements ; 3                                             ;
; Total PLLs                         ; 0                                             ;
+------------------------------------+-----------------------------------------------+


+----------------------------------------------------------------------------------------------------------------------+
; Analysis & Synthesis Settings                                                                                        ;
+----------------------------------------------------------------------------+--------------------+--------------------+
; Option                                                                     ; Setting            ; Default Value      ;
+----------------------------------------------------------------------------+--------------------+--------------------+
; Device                                                                     ; EP2C20F484C7       ;                    ;
; Top-level entity name                                                      ; Lab2               ; Lab2               ;
; Family name                                                                ; Cyclone II         ; Stratix II         ;
; Use Generated Physical Constraints File                                    ; Off                ;                    ;
; Use smart compilation                                                      ; Off                ; Off                ;
; Enable parallel Assembler and TimeQuest Timing Analyzer during compilation ; On                 ; On                 ;
; Enable compact report table                                                ; Off                ; Off                ;
; Restructure Multiplexers                                                   ; Auto               ; Auto               ;
; Create Debugging Nodes for IP Cores                                        ; Off                ; Off                ;
; Preserve fewer node names                                                  ; On                 ; On                 ;
; Disable OpenCore Plus hardware evaluation                                  ; Off                ; Off                ;
; Verilog Version                                                            ; Verilog_2001       ; Verilog_2001       ;
; VHDL Version                                                               ; VHDL_1993          ; VHDL_1993          ;
; State Machine Processing                                                   ; Auto               ; Auto               ;
; Safe State Machine                                                         ; Off                ; Off                ;
; Extract Verilog State Machines                                             ; On                 ; On                 ;
; Extract VHDL State Machines                                                ; On                 ; On                 ;
; Ignore Verilog initial constructs                                          ; Off                ; Off                ;
; Iteration limit for constant Verilog loops                                 ; 5000               ; 5000               ;
; Iteration limit for non-constant Verilog loops                             ; 250                ; 250                ;
; Add Pass-Through Logic to Inferred RAMs                                    ; On                 ; On                 ;
; Parallel Synthesis                                                         ; On                 ; On                 ;
; DSP Block Balancing                                                        ; Auto               ; Auto               ;
; NOT Gate Push-Back                                                         ; On                 ; On                 ;
; Power-Up Don't Care                                                        ; On                 ; On                 ;
; Remove Redundant Logic Cells                                               ; Off                ; Off                ;
; Remove Duplicate Registers                                                 ; On                 ; On                 ;
; Ignore CARRY Buffers                                                       ; Off                ; Off                ;
; Ignore CASCADE Buffers                                                     ; Off                ; Off                ;
; Ignore GLOBAL Buffers                                                      ; Off                ; Off                ;
; Ignore ROW GLOBAL Buffers                                                  ; Off                ; Off                ;
; Ignore LCELL Buffers                                                       ; Off                ; Off                ;
; Ignore SOFT Buffers                                                        ; On                 ; On                 ;
; Limit AHDL Integers to 32 Bits                                             ; Off                ; Off                ;
; Optimization Technique                                                     ; Balanced           ; Balanced           ;
; Carry Chain Length                                                         ; 70                 ; 70                 ;
; Auto Carry Chains                                                          ; On                 ; On                 ;
; Auto Open-Drain Pins                                                       ; On                 ; On                 ;
; Perform WYSIWYG Primitive Resynthesis                                      ; Off                ; Off                ;
; Auto ROM Replacement                                                       ; On                 ; On                 ;
; Auto RAM Replacement                                                       ; On                 ; On                 ;
; Auto Shift Register Replacement                                            ; Auto               ; Auto               ;
; Auto Clock Enable Replacement                                              ; On                 ; On                 ;
; Strict RAM Replacement                                                     ; Off                ; Off                ;
; Allow Synchronous Control Signals                                          ; On                 ; On                 ;
; Force Use of Synchronous Clear Signals                                     ; Off                ; Off                ;
; Auto RAM to Logic Cell Conversion                                          ; Off                ; Off                ;
; Auto Resource Sharing                                                      ; Off                ; Off                ;
; Allow Any RAM Size For Recognition                                         ; Off                ; Off                ;
; Allow Any ROM Size For Recognition                                         ; Off                ; Off                ;
; Allow Any Shift Register Size For Recognition                              ; Off                ; Off                ;
; Use LogicLock Constraints during Resource Balancing                        ; On                 ; On                 ;
; Ignore translate_off and synthesis_off directives                          ; Off                ; Off                ;
; Timing-Driven Synthesis                                                    ; Off                ; Off                ;
; Show Parameter Settings Tables in Synthesis Report                         ; On                 ; On                 ;
; Ignore Maximum Fan-Out Assignments                                         ; Off                ; Off                ;
; Synchronization Register Chain Length                                      ; 2                  ; 2                  ;
; PowerPlay Power Optimization                                               ; Normal compilation ; Normal compilation ;
; HDL message level                                                          ; Level2             ; Level2             ;
; Suppress Register Optimization Related Messages                            ; Off                ; Off                ;
; Number of Removed Registers Reported in Synthesis Report                   ; 5000               ; 5000               ;
; Number of Inverted Registers Reported in Synthesis Report                  ; 100                ; 100                ;
; Clock MUX Protection                                                       ; On                 ; On                 ;
; Auto Gated Clock Conversion                                                ; Off                ; Off                ;
; Block Design Naming                                                        ; Auto               ; Auto               ;
; SDC constraint protection                                                  ; Off                ; Off                ;
; Synthesis Effort                                                           ; Auto               ; Auto               ;
; Shift Register Replacement - Allow Asynchronous Clear Signal               ; On                 ; On                 ;
; Analysis & Synthesis Message Level                                         ; Medium             ; Medium             ;
; Disable Register Merging Across Hierarchies                                ; Auto               ; Auto               ;
; Resource Aware Inference For Block RAM                                     ; On                 ; On                 ;
+----------------------------------------------------------------------------+--------------------+--------------------+


+------------------------------------------+
; Parallel Compilation                     ;
+----------------------------+-------------+
; Processors                 ; Number      ;
+----------------------------+-------------+
; Number detected on machine ; 4           ;
; Maximum allowed            ; 4           ;
;                            ;             ;
; Average used               ; 1.00        ;
; Maximum used               ; 1           ;
;                            ;             ;
; Usage by Processor         ; % Time Used ;
;     1 processor            ; 100.0%      ;
;     2-4 processors         ;   0.0%      ;
+----------------------------+-------------+


+-----------------------------------------------------------------------------------------------------------------------------------------------------------+
; Analysis & Synthesis Source Files Read                                                                                                                    ;
+----------------------------------+-----------------+------------------------------------+-----------------------------------------------------------------+
; File Name with User-Entered Path ; Used in Netlist ; File Type                          ; File Name with Absolute Path                                    ;
+----------------------------------+-----------------+------------------------------------+-----------------------------------------------------------------+
; g01_dayseconds.vhd               ; yes             ; User VHDL File                     ; C:/Users/mcarru/Desktop/DSD/g01_dayseconds.vhd                  ;
; Lab2.bdf                         ; yes             ; User Block Diagram/Schematic File  ; C:/Users/mcarru/Desktop/DSD/Lab2.bdf                            ;
; lpm_mult.tdf                     ; yes             ; Megafunction                       ; c:/altera/91sp2/quartus/libraries/megafunctions/lpm_mult.tdf    ;
; db/mult_e7o.tdf                  ; yes             ; Auto-Generated Megafunction        ; C:/Users/mcarru/Desktop/DSD/db/mult_e7o.tdf                     ;
; db/mult_19o.tdf                  ; yes             ; Auto-Generated Megafunction        ; C:/Users/mcarru/Desktop/DSD/db/mult_19o.tdf                     ;
; lpm_add_sub.tdf                  ; yes             ; Megafunction                       ; c:/altera/91sp2/quartus/libraries/megafunctions/lpm_add_sub.tdf ;
; db/add_sub_oee.tdf               ; yes             ; Auto-Generated Megafunction        ; C:/Users/mcarru/Desktop/DSD/db/add_sub_oee.tdf                  ;
; db/add_sub_uee.tdf               ; yes             ; Auto-Generated Megafunction        ; C:/Users/mcarru/Desktop/DSD/db/add_sub_uee.tdf                  ;
+----------------------------------+-----------------+------------------------------------+-----------------------------------------------------------------+


+--------------------------------------------------------------------------------------------------------------------+
; Analysis & Synthesis Resource Usage Summary                                                                        ;
+---------------------------------------------+----------------------------------------------------------------------+
; Resource                                    ; Usage                                                                ;
+---------------------------------------------+----------------------------------------------------------------------+
; Estimated Total logic elements              ; 29                                                                   ;
;                                             ;                                                                      ;
; Total combinational functions               ; 29                                                                   ;
; Logic element usage by number of LUT inputs ;                                                                      ;
;     -- 4 input functions                    ; 0                                                                    ;
;     -- 3 input functions                    ; 12                                                                   ;
;     -- <=2 input functions                  ; 17                                                                   ;
;                                             ;                                                                      ;
; Logic elements by mode                      ;                                                                      ;
;     -- normal mode                          ; 3                                                                    ;
;     -- arithmetic mode                      ; 26                                                                   ;
;                                             ;                                                                      ;
; Total registers                             ; 0                                                                    ;
;     -- Dedicated logic registers            ; 0                                                                    ;
;     -- I/O registers                        ; 0                                                                    ;
;                                             ;                                                                      ;
; I/O pins                                    ; 34                                                                   ;
; Embedded Multiplier 9-bit elements          ; 3                                                                    ;
; Maximum fan-out node                        ; g01_dayseconds:inst|lpm_mult:mult2|mult_19o:auto_generated|result[0] ;
; Maximum fan-out                             ; 17                                                                   ;
; Total fan-out                               ; 103                                                                  ;
; Average fan-out                             ; 1.54                                                                 ;
+---------------------------------------------+----------------------------------------------------------------------+


+------------------------------------------------------------------------------------------------------------------------------------------------------------------------------------------------------------------------------------------+
; Analysis & Synthesis Resource Utilization by Entity                                                                                                                                                                                      ;
+---------------------------------------+-------------------+--------------+-------------+--------------+---------+-----------+------+--------------+-----------------------------------------------------------------------+--------------+
; Compilation Hierarchy Node            ; LC Combinationals ; LC Registers ; Memory Bits ; DSP Elements ; DSP 9x9 ; DSP 18x18 ; Pins ; Virtual Pins ; Full Hierarchy Name                                                   ; Library Name ;
+---------------------------------------+-------------------+--------------+-------------+--------------+---------+-----------+------+--------------+-----------------------------------------------------------------------+--------------+
; |Lab2                                 ; 29 (1)            ; 0 (0)        ; 0           ; 3            ; 1       ; 1         ; 34   ; 0            ; |Lab2                                                                 ; work         ;
;    |g01_dayseconds:inst|              ; 28 (0)            ; 0 (0)        ; 0           ; 3            ; 1       ; 1         ; 0    ; 0            ; |Lab2|g01_dayseconds:inst                                             ;              ;
;       |lpm_add_sub:add1|              ; 11 (0)            ; 0 (0)        ; 0           ; 0            ; 0       ; 0         ; 0    ; 0            ; |Lab2|g01_dayseconds:inst|lpm_add_sub:add1                            ; work         ;
;          |add_sub_oee:auto_generated| ; 11 (11)           ; 0 (0)        ; 0           ; 0            ; 0       ; 0         ; 0    ; 0            ; |Lab2|g01_dayseconds:inst|lpm_add_sub:add1|add_sub_oee:auto_generated ;              ;
;       |lpm_add_sub:add2|              ; 17 (0)            ; 0 (0)        ; 0           ; 0            ; 0       ; 0         ; 0    ; 0            ; |Lab2|g01_dayseconds:inst|lpm_add_sub:add2                            ; work         ;
;          |add_sub_uee:auto_generated| ; 17 (17)           ; 0 (0)        ; 0           ; 0            ; 0       ; 0         ; 0    ; 0            ; |Lab2|g01_dayseconds:inst|lpm_add_sub:add2|add_sub_uee:auto_generated ;              ;
;       |lpm_mult:mult1|                ; 0 (0)             ; 0 (0)        ; 0           ; 1            ; 1       ; 0         ; 0    ; 0            ; |Lab2|g01_dayseconds:inst|lpm_mult:mult1                              ; work         ;
;          |mult_e7o:auto_generated|    ; 0 (0)             ; 0 (0)        ; 0           ; 1            ; 1       ; 0         ; 0    ; 0            ; |Lab2|g01_dayseconds:inst|lpm_mult:mult1|mult_e7o:auto_generated      ;              ;
;       |lpm_mult:mult2|                ; 0 (0)             ; 0 (0)        ; 0           ; 2            ; 0       ; 1         ; 0    ; 0            ; |Lab2|g01_dayseconds:inst|lpm_mult:mult2                              ; work         ;
;          |mult_19o:auto_generated|    ; 0 (0)             ; 0 (0)        ; 0           ; 2            ; 0       ; 1         ; 0    ; 0            ; |Lab2|g01_dayseconds:inst|lpm_mult:mult2|mult_19o:auto_generated      ;              ;
+---------------------------------------+-------------------+--------------+-------------+--------------+---------+-----------+------+--------------+-----------------------------------------------------------------------+--------------+
Note: For table entries with two numbers listed, the numbers in parentheses indicate the number of resources of the given type used by the specific entity alone. The numbers listed outside of parentheses indicate the total resources of the given type used by the specific entity and all of its sub-entities in the hierarchy.


+-----------------------------------------------------+
; Analysis & Synthesis DSP Block Usage Summary        ;
+---------------------------------------+-------------+
; Statistic                             ; Number Used ;
+---------------------------------------+-------------+
; Simple Multipliers (9-bit)            ; 1           ;
; Simple Multipliers (18-bit)           ; 1           ;
; Embedded Multiplier Blocks            ; --          ;
; Embedded Multiplier 9-bit elements    ; 3           ;
; Signed Embedded Multipliers           ; 0           ;
; Unsigned Embedded Multipliers         ; 2           ;
; Mixed Sign Embedded Multipliers       ; 0           ;
; Variable Sign Embedded Multipliers    ; 0           ;
; Dedicated Input Shift Register Chains ; 0           ;
+---------------------------------------+-------------+
Note: number of Embedded Multiplier Blocks used is only available after a successful fit.


+------------------------------------------------------+
; General Register Statistics                          ;
+----------------------------------------------+-------+
; Statistic                                    ; Value ;
+----------------------------------------------+-------+
; Total registers                              ; 0     ;
; Number of registers using Synchronous Clear  ; 0     ;
; Number of registers using Synchronous Load   ; 0     ;
; Number of registers using Asynchronous Clear ; 0     ;
; Number of registers using Asynchronous Load  ; 0     ;
; Number of registers using Clock Enable       ; 0     ;
; Number of registers using Preset             ; 0     ;
+----------------------------------------------+-------+


+-----------------------------------------------------------------------------------+
; Parameter Settings for User Entity Instance: g01_dayseconds:inst|LPM_MULT:mult1   ;
+------------------------------------------------+------------+---------------------+
; Parameter Name                                 ; Value      ; Type                ;
+------------------------------------------------+------------+---------------------+
; AUTO_CARRY_CHAINS                              ; ON         ; AUTO_CARRY          ;
; IGNORE_CARRY_BUFFERS                           ; OFF        ; IGNORE_CARRY        ;
; AUTO_CASCADE_CHAINS                            ; ON         ; AUTO_CASCADE        ;
; IGNORE_CASCADE_BUFFERS                         ; OFF        ; IGNORE_CASCADE      ;
; LPM_WIDTHA                                     ; 6          ; Signed Integer      ;
; LPM_WIDTHB                                     ; 5          ; Signed Integer      ;
; LPM_WIDTHP                                     ; 11         ; Signed Integer      ;
; LPM_WIDTHR                                     ; 0          ; Untyped             ;
; LPM_WIDTHS                                     ; 1          ; Signed Integer      ;
; LPM_REPRESENTATION                             ; UNSIGNED   ; Untyped             ;
; LPM_PIPELINE                                   ; 0          ; Signed Integer      ;
; LATENCY                                        ; 0          ; Untyped             ;
; INPUT_A_IS_CONSTANT                            ; NO         ; Untyped             ;
; INPUT_B_IS_CONSTANT                            ; NO         ; Untyped             ;
; USE_EAB                                        ; OFF        ; Untyped             ;
; MAXIMIZE_SPEED                                 ; 5          ; Untyped             ;
; DEVICE_FAMILY                                  ; Cyclone II ; Untyped             ;
; CARRY_CHAIN                                    ; MANUAL     ; Untyped             ;
; APEX20K_TECHNOLOGY_MAPPER                      ; LUT        ; TECH_MAPPER_APEX20K ;
; DEDICATED_MULTIPLIER_CIRCUITRY                 ; AUTO       ; Untyped             ;
; DEDICATED_MULTIPLIER_MIN_INPUT_WIDTH_FOR_AUTO  ; 0          ; Untyped             ;
; DEDICATED_MULTIPLIER_MIN_OUTPUT_WIDTH_FOR_AUTO ; 0          ; Untyped             ;
; CBXI_PARAMETER                                 ; mult_e7o   ; Untyped             ;
; INPUT_A_FIXED_VALUE                            ; Bx         ; Untyped             ;
; INPUT_B_FIXED_VALUE                            ; Bx         ; Untyped             ;
; USE_AHDL_IMPLEMENTATION                        ; OFF        ; Untyped             ;
+------------------------------------------------+------------+---------------------+
Note: In order to hide this table in the UI and the text report file, please set the "Show Parameter Settings Tables in Synthesis Report" option in "Analysis and Synthesis Settings -> More Settings" to "Off".


+-----------------------------------------------------------------------------------+
; Parameter Settings for User Entity Instance: g01_dayseconds:inst|LPM_MULT:mult2   ;
+------------------------------------------------+------------+---------------------+
; Parameter Name                                 ; Value      ; Type                ;
+------------------------------------------------+------------+---------------------+
; AUTO_CARRY_CHAINS                              ; ON         ; AUTO_CARRY          ;
; IGNORE_CARRY_BUFFERS                           ; OFF        ; IGNORE_CARRY        ;
; AUTO_CASCADE_CHAINS                            ; ON         ; AUTO_CASCADE        ;
; IGNORE_CASCADE_BUFFERS                         ; OFF        ; IGNORE_CASCADE      ;
; LPM_WIDTHA                                     ; 11         ; Signed Integer      ;
; LPM_WIDTHB                                     ; 6          ; Signed Integer      ;
; LPM_WIDTHP                                     ; 17         ; Signed Integer      ;
; LPM_WIDTHR                                     ; 0          ; Untyped             ;
; LPM_WIDTHS                                     ; 1          ; Signed Integer      ;
; LPM_REPRESENTATION                             ; UNSIGNED   ; Untyped             ;
; LPM_PIPELINE                                   ; 0          ; Signed Integer      ;
; LATENCY                                        ; 0          ; Untyped             ;
; INPUT_A_IS_CONSTANT                            ; NO         ; Untyped             ;
; INPUT_B_IS_CONSTANT                            ; NO         ; Untyped             ;
; USE_EAB                                        ; OFF        ; Untyped             ;
; MAXIMIZE_SPEED                                 ; 5          ; Untyped             ;
; DEVICE_FAMILY                                  ; Cyclone II ; Untyped             ;
; CARRY_CHAIN                                    ; MANUAL     ; Untyped             ;
; APEX20K_TECHNOLOGY_MAPPER                      ; LUT        ; TECH_MAPPER_APEX20K ;
; DEDICATED_MULTIPLIER_CIRCUITRY                 ; AUTO       ; Untyped             ;
; DEDICATED_MULTIPLIER_MIN_INPUT_WIDTH_FOR_AUTO  ; 0          ; Untyped             ;
; DEDICATED_MULTIPLIER_MIN_OUTPUT_WIDTH_FOR_AUTO ; 0          ; Untyped             ;
; CBXI_PARAMETER                                 ; mult_19o   ; Untyped             ;
; INPUT_A_FIXED_VALUE                            ; Bx         ; Untyped             ;
; INPUT_B_FIXED_VALUE                            ; Bx         ; Untyped             ;
; USE_AHDL_IMPLEMENTATION                        ; OFF        ; Untyped             ;
+------------------------------------------------+------------+---------------------+
Note: In order to hide this table in the UI and the text report file, please set the "Show Parameter Settings Tables in Synthesis Report" option in "Analysis and Synthesis Settings -> More Settings" to "Off".


+-----------------------------------------------------------------------------------+
; Parameter Settings for User Entity Instance: g01_dayseconds:inst|LPM_ADD_SUB:add1 ;
+------------------------+-------------+--------------------------------------------+
; Parameter Name         ; Value       ; Type                                       ;
+------------------------+-------------+--------------------------------------------+
; LPM_WIDTH              ; 11          ; Signed Integer                             ;
; LPM_REPRESENTATION     ; SIGNED      ; Untyped                                    ;
; LPM_DIRECTION          ; DEFAULT     ; Untyped                                    ;
; ONE_INPUT_IS_CONSTANT  ; NO          ; Untyped                                    ;
; LPM_PIPELINE           ; 0           ; Signed Integer                             ;
; MAXIMIZE_SPEED         ; 5           ; Untyped                                    ;
; REGISTERED_AT_END      ; 0           ; Untyped                                    ;
; OPTIMIZE_FOR_SPEED     ; 5           ; Untyped                                    ;
; USE_CS_BUFFERS         ; 1           ; Untyped                                    ;
; CARRY_CHAIN            ; MANUAL      ; Untyped                                    ;
; CARRY_CHAIN_LENGTH     ; 48          ; CARRY_CHAIN_LENGTH                         ;
; DEVICE_FAMILY          ; Cyclone II  ; Untyped                                    ;
; USE_WYS                ; OFF         ; Untyped                                    ;
; STYLE                  ; FAST        ; Untyped                                    ;
; CBXI_PARAMETER         ; add_sub_oee ; Untyped                                    ;
; AUTO_CARRY_CHAINS      ; ON          ; AUTO_CARRY                                 ;
; IGNORE_CARRY_BUFFERS   ; OFF         ; IGNORE_CARRY                               ;
; AUTO_CASCADE_CHAINS    ; ON          ; AUTO_CASCADE                               ;
; IGNORE_CASCADE_BUFFERS ; OFF         ; IGNORE_CASCADE                             ;
+------------------------+-------------+--------------------------------------------+
Note: In order to hide this table in the UI and the text report file, please set the "Show Parameter Settings Tables in Synthesis Report" option in "Analysis and Synthesis Settings -> More Settings" to "Off".


+-----------------------------------------------------------------------------------+
; Parameter Settings for User Entity Instance: g01_dayseconds:inst|LPM_ADD_SUB:add2 ;
+------------------------+-------------+--------------------------------------------+
; Parameter Name         ; Value       ; Type                                       ;
+------------------------+-------------+--------------------------------------------+
; LPM_WIDTH              ; 17          ; Signed Integer                             ;
; LPM_REPRESENTATION     ; SIGNED      ; Untyped                                    ;
; LPM_DIRECTION          ; DEFAULT     ; Untyped                                    ;
; ONE_INPUT_IS_CONSTANT  ; NO          ; Untyped                                    ;
; LPM_PIPELINE           ; 0           ; Signed Integer                             ;
; MAXIMIZE_SPEED         ; 5           ; Untyped                                    ;
; REGISTERED_AT_END      ; 0           ; Untyped                                    ;
; OPTIMIZE_FOR_SPEED     ; 5           ; Untyped                                    ;
; USE_CS_BUFFERS         ; 1           ; Untyped                                    ;
; CARRY_CHAIN            ; MANUAL      ; Untyped                                    ;
; CARRY_CHAIN_LENGTH     ; 48          ; CARRY_CHAIN_LENGTH                         ;
; DEVICE_FAMILY          ; Cyclone II  ; Untyped                                    ;
; USE_WYS                ; OFF         ; Untyped                                    ;
; STYLE                  ; FAST        ; Untyped                                    ;
; CBXI_PARAMETER         ; add_sub_uee ; Untyped                                    ;
; AUTO_CARRY_CHAINS      ; ON          ; AUTO_CARRY                                 ;
; IGNORE_CARRY_BUFFERS   ; OFF         ; IGNORE_CARRY                               ;
; AUTO_CASCADE_CHAINS    ; ON          ; AUTO_CASCADE                               ;
; IGNORE_CASCADE_BUFFERS ; OFF         ; IGNORE_CASCADE                             ;
+------------------------+-------------+--------------------------------------------+
Note: In order to hide this table in the UI and the text report file, please set the "Show Parameter Settings Tables in Synthesis Report" option in "Analysis and Synthesis Settings -> More Settings" to "Off".


+----------------------------------------------------------------------------+
; lpm_mult Parameter Settings by Entity Instance                             ;
+---------------------------------------+------------------------------------+
; Name                                  ; Value                              ;
+---------------------------------------+------------------------------------+
; Number of entity instances            ; 2                                  ;
; Entity Instance                       ; g01_dayseconds:inst|LPM_MULT:mult1 ;
;     -- LPM_WIDTHA                     ; 6                                  ;
;     -- LPM_WIDTHB                     ; 5                                  ;
;     -- LPM_WIDTHP                     ; 11                                 ;
;     -- LPM_REPRESENTATION             ; UNSIGNED                           ;
;     -- INPUT_A_IS_CONSTANT            ; NO                                 ;
;     -- INPUT_B_IS_CONSTANT            ; NO                                 ;
;     -- USE_EAB                        ; OFF                                ;
;     -- DEDICATED_MULTIPLIER_CIRCUITRY ; AUTO                               ;
;     -- INPUT_A_FIXED_VALUE            ; Bx                                 ;
;     -- INPUT_B_FIXED_VALUE            ; Bx                                 ;
; Entity Instance                       ; g01_dayseconds:inst|LPM_MULT:mult2 ;
;     -- LPM_WIDTHA                     ; 11                                 ;
;     -- LPM_WIDTHB                     ; 6                                  ;
;     -- LPM_WIDTHP                     ; 17                                 ;
;     -- LPM_REPRESENTATION             ; UNSIGNED                           ;
;     -- INPUT_A_IS_CONSTANT            ; NO                                 ;
;     -- INPUT_B_IS_CONSTANT            ; NO                                 ;
;     -- USE_EAB                        ; OFF                                ;
;     -- DEDICATED_MULTIPLIER_CIRCUITRY ; AUTO                               ;
;     -- INPUT_A_FIXED_VALUE            ; Bx                                 ;
;     -- INPUT_B_FIXED_VALUE            ; Bx                                 ;
+---------------------------------------+------------------------------------+


+-------------------------------+
; Analysis & Synthesis Messages ;
+-------------------------------+
Info: *******************************************************************
Info: Running Quartus II 64-Bit Analysis & Synthesis
    Info: Version 9.1 Build 350 03/24/2010 Service Pack 2 SJ Full Version
    Info: Processing started: Wed Feb 12 17:07:27 2014
Info: Command: quartus_map --read_settings_files=on --write_settings_files=off Lab2 -c Lab2
Info: Parallel compilation is enabled and will use 4 of the 4 processors detected
Info: Found 2 design units, including 1 entities, in source file g01_dayseconds.vhd
    Info: Found design unit 1: g01_dayseconds-behaviour
    Info: Found entity 1: g01_dayseconds
Info: Found 1 design units, including 1 entities, in source file lab2.bdf
    Info: Found entity 1: Lab2
Info: Elaborating entity "Lab2" for the top level hierarchy
Info: Elaborating entity "g01_dayseconds" for hierarchy "g01_dayseconds:inst"
Info: Elaborating entity "LPM_MULT" for hierarchy "g01_dayseconds:inst|LPM_MULT:mult1"
Info: Elaborated megafunction instantiation "g01_dayseconds:inst|LPM_MULT:mult1"
Info: Instantiated megafunction "g01_dayseconds:inst|LPM_MULT:mult1" with the following parameter:
    Info: Parameter "LPM_WIDTHA" = "6"
    Info: Parameter "LPM_WIDTHB" = "5"
    Info: Parameter "LPM_WIDTHS" = "1"
    Info: Parameter "LPM_WIDTHP" = "11"
    Info: Parameter "LPM_REPRESENTATION" = "UNSIGNED"
    Info: Parameter "LPM_PIPELINE" = "0"
    Info: Parameter "LPM_TYPE" = "LPM_MULT"
    Info: Parameter "LPM_HINT" = "UNUSED"
Info: Found 1 design units, including 1 entities, in source file db/mult_e7o.tdf
    Info: Found entity 1: mult_e7o
Info: Elaborating entity "mult_e7o" for hierarchy "g01_dayseconds:inst|LPM_MULT:mult1|mult_e7o:auto_generated"
Info: Elaborating entity "LPM_MULT" for hierarchy "g01_dayseconds:inst|LPM_MULT:mult2"
Info: Elaborated megafunction instantiation "g01_dayseconds:inst|LPM_MULT:mult2"
Info: Instantiated megafunction "g01_dayseconds:inst|LPM_MULT:mult2" with the following parameter:
    Info: Parameter "LPM_WIDTHA" = "11"
    Info: Parameter "LPM_WIDTHB" = "6"
    Info: Parameter "LPM_WIDTHS" = "1"
    Info: Parameter "LPM_WIDTHP" = "17"
    Info: Parameter "LPM_REPRESENTATION" = "UNSIGNED"
    Info: Parameter "LPM_PIPELINE" = "0"
    Info: Parameter "LPM_TYPE" = "LPM_MULT"
    Info: Parameter "LPM_HINT" = "UNUSED"
Info: Found 1 design units, including 1 entities, in source file db/mult_19o.tdf
    Info: Found entity 1: mult_19o
Info: Elaborating entity "mult_19o" for hierarchy "g01_dayseconds:inst|LPM_MULT:mult2|mult_19o:auto_generated"
Info: Elaborating entity "LPM_ADD_SUB" for hierarchy "g01_dayseconds:inst|LPM_ADD_SUB:add1"
Info: Elaborated megafunction instantiation "g01_dayseconds:inst|LPM_ADD_SUB:add1"
Info: Instantiated megafunction "g01_dayseconds:inst|LPM_ADD_SUB:add1" with the following parameter:
    Info: Parameter "LPM_WIDTH" = "11"
    Info: Parameter "LPM_DIRECTION" = "UNUSED"
    Info: Parameter "LPM_REPRESENTATION" = "SIGNED"
    Info: Parameter "LPM_PIPELINE" = "0"
    Info: Parameter "LPM_TYPE" = "LPM_ADD_SUB"
    Info: Parameter "LPM_HINT" = "UNUSED"
Info: Found 1 design units, including 1 entities, in source file db/add_sub_oee.tdf
    Info: Found entity 1: add_sub_oee
Info: Elaborating entity "add_sub_oee" for hierarchy "g01_dayseconds:inst|LPM_ADD_SUB:add1|add_sub_oee:auto_generated"
Info: Elaborating entity "LPM_ADD_SUB" for hierarchy "g01_dayseconds:inst|LPM_ADD_SUB:add2"
Info: Elaborated megafunction instantiation "g01_dayseconds:inst|LPM_ADD_SUB:add2"
Info: Instantiated megafunction "g01_dayseconds:inst|LPM_ADD_SUB:add2" with the following parameter:
    Info: Parameter "LPM_WIDTH" = "17"
    Info: Parameter "LPM_DIRECTION" = "UNUSED"
    Info: Parameter "LPM_REPRESENTATION" = "SIGNED"
    Info: Parameter "LPM_PIPELINE" = "0"
    Info: Parameter "LPM_TYPE" = "LPM_ADD_SUB"
    Info: Parameter "LPM_HINT" = "UNUSED"
Info: Found 1 design units, including 1 entities, in source file db/add_sub_uee.tdf
    Info: Found entity 1: add_sub_uee
Info: Elaborating entity "add_sub_uee" for hierarchy "g01_dayseconds:inst|LPM_ADD_SUB:add2|add_sub_uee:auto_generated"
Info: Implemented 66 device resources after synthesis - the final resource count might be different
    Info: Implemented 17 input pins
    Info: Implemented 17 output pins
    Info: Implemented 29 logic cells
    Info: Implemented 3 DSP elements
Info: Quartus II 64-Bit Analysis & Synthesis was successful. 0 errors, 0 warnings
    Info: Peak virtual memory: 321 megabytes
    Info: Processing ended: Wed Feb 12 17:07:29 2014
    Info: Elapsed time: 00:00:02
    Info: Total CPU time (on all processors): 00:00:01


