Simulator report for Lab3
Thu Mar 13 14:15:12 2014
Quartus II 64-Bit Version 9.1 Build 350 03/24/2010 Service Pack 2 SJ Full Version


---------------------
; Table of Contents ;
---------------------
  1. Legal Notice
  2. Simulator Summary
  3. Simulator Settings
  4. Simulation Waveforms
  5. Coverage Summary
  6. Complete 1/0-Value Coverage
  7. Missing 1-Value Coverage
  8. Missing 0-Value Coverage
  9. Simulator INI Usage
 10. Simulator Messages



----------------
; Legal Notice ;
----------------
Copyright (C) 1991-2010 Altera Corporation
Your use of Altera Corporation's design tools, logic functions 
and other software and tools, and its AMPP partner logic 
functions, and any output files from any of the foregoing 
(including device programming or simulation files), and any 
associated documentation or information are expressly subject 
to the terms and conditions of the Altera Program License 
Subscription Agreement, Altera MegaCore Function License 
Agreement, or other applicable license agreement, including, 
without limitation, that your use is for the sole purpose of 
programming logic devices manufactured by Altera and sold by 
Altera or its authorized distributors.  Please refer to the 
applicable agreement for further details.



+--------------------------------------------+
; Simulator Summary                          ;
+-----------------------------+--------------+
; Type                        ; Value        ;
+-----------------------------+--------------+
; Simulation Start Time       ; 0 ps         ;
; Simulation End Time         ; 10.0 ms      ;
; Simulation Netlist Size     ; 137 nodes    ;
; Simulation Coverage         ;      81.17 % ;
; Total Number of Transitions ; 3904681      ;
; Simulation Breakpoints      ; 0            ;
; Family                      ; Cyclone II   ;
+-----------------------------+--------------+


+----------------------------------------------------------------------------------------------------------------------------------+
; Simulator Settings                                                                                                               ;
+--------------------------------------------------------------------------------------------+---------------------+---------------+
; Option                                                                                     ; Setting             ; Default Value ;
+--------------------------------------------------------------------------------------------+---------------------+---------------+
; Simulation mode                                                                            ; Functional          ; Timing        ;
; Start time                                                                                 ; 0 ns                ; 0 ns          ;
; Simulation results format                                                                  ; CVWF                ;               ;
; Vector input source                                                                        ; g01_HMS_Counter.vwf ;               ;
; Add pins automatically to simulation output waveforms                                      ; On                  ; On            ;
; Check outputs                                                                              ; Off                 ; Off           ;
; Report simulation coverage                                                                 ; On                  ; On            ;
; Display complete 1/0 value coverage report                                                 ; On                  ; On            ;
; Display missing 1-value coverage report                                                    ; On                  ; On            ;
; Display missing 0-value coverage report                                                    ; On                  ; On            ;
; Detect setup and hold time violations                                                      ; Off                 ; Off           ;
; Detect glitches                                                                            ; Off                 ; Off           ;
; Disable timing delays in Timing Simulation                                                 ; Off                 ; Off           ;
; Generate Signal Activity File                                                              ; Off                 ; Off           ;
; Generate VCD File for PowerPlay Power Analyzer                                             ; Off                 ; Off           ;
; Group bus channels in simulation results                                                   ; Off                 ; Off           ;
; Preserve fewer signal transitions to reduce memory requirements                            ; On                  ; On            ;
; Waveform comparison begin time performed in simulation                                     ; 0 ns                ;               ;
; Waveform comparison end time performed in simulation                                       ; 100 us              ;               ;
; Trigger vector comparison with the specified mode                                          ; INPUT_EDGE          ; INPUT_EDGE    ;
; Disable setup and hold time violations detection in input registers of bi-directional pins ; Off                 ; Off           ;
; Overwrite Waveform Inputs With Simulation Outputs                                          ; On                  ;               ;
; Waveform Comparison Rule for 0                                                             ; 0,L,DC              ;               ;
; Waveform Comparison Rule for 1                                                             ; 1,H,DC              ;               ;
; Waveform Comparison Rule for X                                                             ; X,W,Z,U,DC          ;               ;
; Waveform Comparison Rule for L                                                             ; 0,L,DC              ;               ;
; Waveform Comparison Rule for H                                                             ; 1,H,DC              ;               ;
; Waveform Comparison Rule for W                                                             ; X,W,Z,U,DC          ;               ;
; Waveform Comparison Rule for Z                                                             ; Z,U,DC              ;               ;
; Waveform Comparison Rule for U                                                             ; X,W,Z,U,DC          ;               ;
; Waveform Comparison Rule for DC                                                            ; 0,1,X,L,H,W,Z,U,DC  ;               ;
; Perform Glitch Filtering in Timing Simulation                                              ; Auto                ; Auto          ;
+--------------------------------------------------------------------------------------------+---------------------+---------------+


+----------------------+
; Simulation Waveforms ;
+----------------------+
Waveform report data cannot be output to ASCII.
Please use Quartus II 64-Bit to view the waveform report data.


+--------------------------------------------------------------------+
; Coverage Summary                                                   ;
+-----------------------------------------------------+--------------+
; Type                                                ; Value        ;
+-----------------------------------------------------+--------------+
; Total coverage as a percentage                      ;      81.17 % ;
; Total nodes checked                                 ; 137          ;
; Total output ports checked                          ; 154          ;
; Total output ports with complete 1/0-value coverage ; 125          ;
; Total output ports with no 1/0-value coverage       ; 28           ;
; Total output ports with no 1-value coverage         ; 28           ;
; Total output ports with no 0-value coverage         ; 29           ;
+-----------------------------------------------------+--------------+


The following table displays output ports that toggle between 1 and 0 during simulation.
+------------------------------------------------------------------------------------------------------------------------------------------------------------------------------------------------------------------------------------------+
; Complete 1/0-Value Coverage                                                                                                                                                                                                              ;
+-----------------------------------------------------------------------------------------------------------+-----------------------------------------------------------------------------------------------------------+------------------+
; Node Name                                                                                                 ; Output Port Name                                                                                          ; Output Port Type ;
+-----------------------------------------------------------------------------------------------------------+-----------------------------------------------------------------------------------------------------------+------------------+
; |g01_HMS_Counter|rising~0                                                                                 ; |g01_HMS_Counter|rising~0                                                                                 ; out0             ;
; |g01_HMS_Counter|old_sec_clock                                                                            ; |g01_HMS_Counter|old_sec_clock                                                                            ; regout           ;
; |g01_HMS_Counter|rising~1                                                                                 ; |g01_HMS_Counter|rising~1                                                                                 ; out0             ;
; |g01_HMS_Counter|end_of_day~reg0                                                                          ; |g01_HMS_Counter|end_of_day~reg0                                                                          ; regout           ;
; |g01_HMS_Counter|rising~2                                                                                 ; |g01_HMS_Counter|rising~2                                                                                 ; out0             ;
; |g01_HMS_Counter|rising~3                                                                                 ; |g01_HMS_Counter|rising~3                                                                                 ; out0             ;
; |g01_HMS_Counter|end_of_day~0                                                                             ; |g01_HMS_Counter|end_of_day~0                                                                             ; out              ;
; |g01_HMS_Counter|end_of_day~1                                                                             ; |g01_HMS_Counter|end_of_day~1                                                                             ; out              ;
; |g01_HMS_Counter|rising~4                                                                                 ; |g01_HMS_Counter|rising~4                                                                                 ; out0             ;
; |g01_HMS_Counter|minute_en                                                                                ; |g01_HMS_Counter|minute_en                                                                                ; regout           ;
; |g01_HMS_Counter|rising~5                                                                                 ; |g01_HMS_Counter|rising~5                                                                                 ; out0             ;
; |g01_HMS_Counter|rising~6                                                                                 ; |g01_HMS_Counter|rising~6                                                                                 ; out0             ;
; |g01_HMS_Counter|rising~7                                                                                 ; |g01_HMS_Counter|rising~7                                                                                 ; out0             ;
; |g01_HMS_Counter|hour_en                                                                                  ; |g01_HMS_Counter|hour_en                                                                                  ; regout           ;
; |g01_HMS_Counter|rising~8                                                                                 ; |g01_HMS_Counter|rising~8                                                                                 ; out0             ;
; |g01_HMS_Counter|rising~9                                                                                 ; |g01_HMS_Counter|rising~9                                                                                 ; out0             ;
; |g01_HMS_Counter|end_of_day~2                                                                             ; |g01_HMS_Counter|end_of_day~2                                                                             ; out              ;
; |g01_HMS_Counter|comb~0                                                                                   ; |g01_HMS_Counter|comb~0                                                                                   ; out0             ;
; |g01_HMS_Counter|comb~1                                                                                   ; |g01_HMS_Counter|comb~1                                                                                   ; out0             ;
; |g01_HMS_Counter|comb~2                                                                                   ; |g01_HMS_Counter|comb~2                                                                                   ; out0             ;
; |g01_HMS_Counter|clock                                                                                    ; |g01_HMS_Counter|clock                                                                                    ; out              ;
; |g01_HMS_Counter|reset                                                                                    ; |g01_HMS_Counter|reset                                                                                    ; out              ;
; |g01_HMS_Counter|sec_clock                                                                                ; |g01_HMS_Counter|sec_clock                                                                                ; out              ;
; |g01_HMS_Counter|load_enable                                                                              ; |g01_HMS_Counter|load_enable                                                                              ; out              ;
; |g01_HMS_Counter|Hours[0]                                                                                 ; |g01_HMS_Counter|Hours[0]                                                                                 ; pin_out          ;
; |g01_HMS_Counter|Hours[1]                                                                                 ; |g01_HMS_Counter|Hours[1]                                                                                 ; pin_out          ;
; |g01_HMS_Counter|Hours[2]                                                                                 ; |g01_HMS_Counter|Hours[2]                                                                                 ; pin_out          ;
; |g01_HMS_Counter|Hours[3]                                                                                 ; |g01_HMS_Counter|Hours[3]                                                                                 ; pin_out          ;
; |g01_HMS_Counter|Hours[4]                                                                                 ; |g01_HMS_Counter|Hours[4]                                                                                 ; pin_out          ;
; |g01_HMS_Counter|Minutes[0]                                                                               ; |g01_HMS_Counter|Minutes[0]                                                                               ; pin_out          ;
; |g01_HMS_Counter|Minutes[1]                                                                               ; |g01_HMS_Counter|Minutes[1]                                                                               ; pin_out          ;
; |g01_HMS_Counter|Minutes[2]                                                                               ; |g01_HMS_Counter|Minutes[2]                                                                               ; pin_out          ;
; |g01_HMS_Counter|Minutes[3]                                                                               ; |g01_HMS_Counter|Minutes[3]                                                                               ; pin_out          ;
; |g01_HMS_Counter|Minutes[4]                                                                               ; |g01_HMS_Counter|Minutes[4]                                                                               ; pin_out          ;
; |g01_HMS_Counter|Minutes[5]                                                                               ; |g01_HMS_Counter|Minutes[5]                                                                               ; pin_out          ;
; |g01_HMS_Counter|Seconds[0]                                                                               ; |g01_HMS_Counter|Seconds[0]                                                                               ; pin_out          ;
; |g01_HMS_Counter|Seconds[1]                                                                               ; |g01_HMS_Counter|Seconds[1]                                                                               ; pin_out          ;
; |g01_HMS_Counter|Seconds[2]                                                                               ; |g01_HMS_Counter|Seconds[2]                                                                               ; pin_out          ;
; |g01_HMS_Counter|Seconds[3]                                                                               ; |g01_HMS_Counter|Seconds[3]                                                                               ; pin_out          ;
; |g01_HMS_Counter|Seconds[4]                                                                               ; |g01_HMS_Counter|Seconds[4]                                                                               ; pin_out          ;
; |g01_HMS_Counter|Seconds[5]                                                                               ; |g01_HMS_Counter|Seconds[5]                                                                               ; pin_out          ;
; |g01_HMS_Counter|end_of_day                                                                               ; |g01_HMS_Counter|end_of_day                                                                               ; pin_out          ;
; |g01_HMS_Counter|lpm_counter:counter_hours|cntr_fvj:auto_generated|_~2                                    ; |g01_HMS_Counter|lpm_counter:counter_hours|cntr_fvj:auto_generated|_~2                                    ; out0             ;
; |g01_HMS_Counter|lpm_counter:counter_hours|cntr_fvj:auto_generated|_~10                                   ; |g01_HMS_Counter|lpm_counter:counter_hours|cntr_fvj:auto_generated|_~10                                   ; out0             ;
; |g01_HMS_Counter|lpm_counter:counter_hours|cntr_fvj:auto_generated|_~12                                   ; |g01_HMS_Counter|lpm_counter:counter_hours|cntr_fvj:auto_generated|_~12                                   ; out0             ;
; |g01_HMS_Counter|lpm_counter:counter_hours|cntr_fvj:auto_generated|_~13                                   ; |g01_HMS_Counter|lpm_counter:counter_hours|cntr_fvj:auto_generated|_~13                                   ; out0             ;
; |g01_HMS_Counter|lpm_counter:counter_hours|cntr_fvj:auto_generated|counter_reg_bit1a[4]~6                 ; |g01_HMS_Counter|lpm_counter:counter_hours|cntr_fvj:auto_generated|counter_reg_bit1a[4]~6                 ; out0             ;
; |g01_HMS_Counter|lpm_counter:counter_hours|cntr_fvj:auto_generated|cout_actual                            ; |g01_HMS_Counter|lpm_counter:counter_hours|cntr_fvj:auto_generated|cout_actual                            ; out0             ;
; |g01_HMS_Counter|lpm_counter:counter_hours|cntr_fvj:auto_generated|counter_comb_bita0                     ; |g01_HMS_Counter|lpm_counter:counter_hours|cntr_fvj:auto_generated|counter_comb_bita0                     ; combout          ;
; |g01_HMS_Counter|lpm_counter:counter_hours|cntr_fvj:auto_generated|counter_comb_bita0                     ; |g01_HMS_Counter|lpm_counter:counter_hours|cntr_fvj:auto_generated|counter_comb_bita0~COUT                ; cout             ;
; |g01_HMS_Counter|lpm_counter:counter_hours|cntr_fvj:auto_generated|counter_comb_bita1                     ; |g01_HMS_Counter|lpm_counter:counter_hours|cntr_fvj:auto_generated|counter_comb_bita1                     ; combout          ;
; |g01_HMS_Counter|lpm_counter:counter_hours|cntr_fvj:auto_generated|counter_comb_bita1                     ; |g01_HMS_Counter|lpm_counter:counter_hours|cntr_fvj:auto_generated|counter_comb_bita1~COUT                ; cout             ;
; |g01_HMS_Counter|lpm_counter:counter_hours|cntr_fvj:auto_generated|counter_comb_bita2                     ; |g01_HMS_Counter|lpm_counter:counter_hours|cntr_fvj:auto_generated|counter_comb_bita2                     ; combout          ;
; |g01_HMS_Counter|lpm_counter:counter_hours|cntr_fvj:auto_generated|counter_comb_bita2                     ; |g01_HMS_Counter|lpm_counter:counter_hours|cntr_fvj:auto_generated|counter_comb_bita2~COUT                ; cout             ;
; |g01_HMS_Counter|lpm_counter:counter_hours|cntr_fvj:auto_generated|counter_comb_bita3                     ; |g01_HMS_Counter|lpm_counter:counter_hours|cntr_fvj:auto_generated|counter_comb_bita3                     ; combout          ;
; |g01_HMS_Counter|lpm_counter:counter_hours|cntr_fvj:auto_generated|counter_comb_bita3                     ; |g01_HMS_Counter|lpm_counter:counter_hours|cntr_fvj:auto_generated|counter_comb_bita3~COUT                ; cout             ;
; |g01_HMS_Counter|lpm_counter:counter_hours|cntr_fvj:auto_generated|counter_comb_bita4                     ; |g01_HMS_Counter|lpm_counter:counter_hours|cntr_fvj:auto_generated|counter_comb_bita4                     ; combout          ;
; |g01_HMS_Counter|lpm_counter:counter_hours|cntr_fvj:auto_generated|counter_reg_bit1a[4]                   ; |g01_HMS_Counter|lpm_counter:counter_hours|cntr_fvj:auto_generated|safe_q[4]                              ; regout           ;
; |g01_HMS_Counter|lpm_counter:counter_hours|cntr_fvj:auto_generated|counter_reg_bit1a[3]                   ; |g01_HMS_Counter|lpm_counter:counter_hours|cntr_fvj:auto_generated|safe_q[3]                              ; regout           ;
; |g01_HMS_Counter|lpm_counter:counter_hours|cntr_fvj:auto_generated|counter_reg_bit1a[2]                   ; |g01_HMS_Counter|lpm_counter:counter_hours|cntr_fvj:auto_generated|safe_q[2]                              ; regout           ;
; |g01_HMS_Counter|lpm_counter:counter_hours|cntr_fvj:auto_generated|counter_reg_bit1a[1]                   ; |g01_HMS_Counter|lpm_counter:counter_hours|cntr_fvj:auto_generated|safe_q[1]                              ; regout           ;
; |g01_HMS_Counter|lpm_counter:counter_hours|cntr_fvj:auto_generated|counter_reg_bit1a[0]                   ; |g01_HMS_Counter|lpm_counter:counter_hours|cntr_fvj:auto_generated|safe_q[0]                              ; regout           ;
; |g01_HMS_Counter|lpm_counter:counter_hours|cntr_fvj:auto_generated|cmpr_9cc:cmpr2|aneb_result_wire[0]~0   ; |g01_HMS_Counter|lpm_counter:counter_hours|cntr_fvj:auto_generated|cmpr_9cc:cmpr2|aneb_result_wire[0]~0   ; out0             ;
; |g01_HMS_Counter|lpm_counter:counter_hours|cntr_fvj:auto_generated|cmpr_9cc:cmpr2|aneb_result_wire[0]     ; |g01_HMS_Counter|lpm_counter:counter_hours|cntr_fvj:auto_generated|cmpr_9cc:cmpr2|aneb_result_wire[0]     ; out0             ;
; |g01_HMS_Counter|lpm_counter:counter_hours|cntr_fvj:auto_generated|cmpr_9cc:cmpr2|data_wire[1]            ; |g01_HMS_Counter|lpm_counter:counter_hours|cntr_fvj:auto_generated|cmpr_9cc:cmpr2|data_wire[1]            ; out0             ;
; |g01_HMS_Counter|lpm_counter:counter_hours|cntr_fvj:auto_generated|cmpr_9cc:cmpr2|data_wire[0]            ; |g01_HMS_Counter|lpm_counter:counter_hours|cntr_fvj:auto_generated|cmpr_9cc:cmpr2|data_wire[0]            ; out0             ;
; |g01_HMS_Counter|lpm_counter:counter_minutes|cntr_gvj:auto_generated|_~2                                  ; |g01_HMS_Counter|lpm_counter:counter_minutes|cntr_gvj:auto_generated|_~2                                  ; out0             ;
; |g01_HMS_Counter|lpm_counter:counter_minutes|cntr_gvj:auto_generated|_~12                                 ; |g01_HMS_Counter|lpm_counter:counter_minutes|cntr_gvj:auto_generated|_~12                                 ; out0             ;
; |g01_HMS_Counter|lpm_counter:counter_minutes|cntr_gvj:auto_generated|_~13                                 ; |g01_HMS_Counter|lpm_counter:counter_minutes|cntr_gvj:auto_generated|_~13                                 ; out0             ;
; |g01_HMS_Counter|lpm_counter:counter_minutes|cntr_gvj:auto_generated|_~16                                 ; |g01_HMS_Counter|lpm_counter:counter_minutes|cntr_gvj:auto_generated|_~16                                 ; out0             ;
; |g01_HMS_Counter|lpm_counter:counter_minutes|cntr_gvj:auto_generated|counter_reg_bit1a[5]~7               ; |g01_HMS_Counter|lpm_counter:counter_minutes|cntr_gvj:auto_generated|counter_reg_bit1a[5]~7               ; out0             ;
; |g01_HMS_Counter|lpm_counter:counter_minutes|cntr_gvj:auto_generated|cout_actual                          ; |g01_HMS_Counter|lpm_counter:counter_minutes|cntr_gvj:auto_generated|cout_actual                          ; out0             ;
; |g01_HMS_Counter|lpm_counter:counter_minutes|cntr_gvj:auto_generated|counter_comb_bita0                   ; |g01_HMS_Counter|lpm_counter:counter_minutes|cntr_gvj:auto_generated|counter_comb_bita0                   ; combout          ;
; |g01_HMS_Counter|lpm_counter:counter_minutes|cntr_gvj:auto_generated|counter_comb_bita0                   ; |g01_HMS_Counter|lpm_counter:counter_minutes|cntr_gvj:auto_generated|counter_comb_bita0~COUT              ; cout             ;
; |g01_HMS_Counter|lpm_counter:counter_minutes|cntr_gvj:auto_generated|counter_comb_bita1                   ; |g01_HMS_Counter|lpm_counter:counter_minutes|cntr_gvj:auto_generated|counter_comb_bita1                   ; combout          ;
; |g01_HMS_Counter|lpm_counter:counter_minutes|cntr_gvj:auto_generated|counter_comb_bita1                   ; |g01_HMS_Counter|lpm_counter:counter_minutes|cntr_gvj:auto_generated|counter_comb_bita1~COUT              ; cout             ;
; |g01_HMS_Counter|lpm_counter:counter_minutes|cntr_gvj:auto_generated|counter_comb_bita2                   ; |g01_HMS_Counter|lpm_counter:counter_minutes|cntr_gvj:auto_generated|counter_comb_bita2                   ; combout          ;
; |g01_HMS_Counter|lpm_counter:counter_minutes|cntr_gvj:auto_generated|counter_comb_bita2                   ; |g01_HMS_Counter|lpm_counter:counter_minutes|cntr_gvj:auto_generated|counter_comb_bita2~COUT              ; cout             ;
; |g01_HMS_Counter|lpm_counter:counter_minutes|cntr_gvj:auto_generated|counter_comb_bita3                   ; |g01_HMS_Counter|lpm_counter:counter_minutes|cntr_gvj:auto_generated|counter_comb_bita3                   ; combout          ;
; |g01_HMS_Counter|lpm_counter:counter_minutes|cntr_gvj:auto_generated|counter_comb_bita3                   ; |g01_HMS_Counter|lpm_counter:counter_minutes|cntr_gvj:auto_generated|counter_comb_bita3~COUT              ; cout             ;
; |g01_HMS_Counter|lpm_counter:counter_minutes|cntr_gvj:auto_generated|counter_comb_bita4                   ; |g01_HMS_Counter|lpm_counter:counter_minutes|cntr_gvj:auto_generated|counter_comb_bita4                   ; combout          ;
; |g01_HMS_Counter|lpm_counter:counter_minutes|cntr_gvj:auto_generated|counter_comb_bita4                   ; |g01_HMS_Counter|lpm_counter:counter_minutes|cntr_gvj:auto_generated|counter_comb_bita4~COUT              ; cout             ;
; |g01_HMS_Counter|lpm_counter:counter_minutes|cntr_gvj:auto_generated|counter_comb_bita5                   ; |g01_HMS_Counter|lpm_counter:counter_minutes|cntr_gvj:auto_generated|counter_comb_bita5                   ; combout          ;
; |g01_HMS_Counter|lpm_counter:counter_minutes|cntr_gvj:auto_generated|counter_comb_bita5                   ; |g01_HMS_Counter|lpm_counter:counter_minutes|cntr_gvj:auto_generated|counter_comb_bita5~COUT              ; cout             ;
; |g01_HMS_Counter|lpm_counter:counter_minutes|cntr_gvj:auto_generated|counter_reg_bit1a[5]                 ; |g01_HMS_Counter|lpm_counter:counter_minutes|cntr_gvj:auto_generated|safe_q[5]                            ; regout           ;
; |g01_HMS_Counter|lpm_counter:counter_minutes|cntr_gvj:auto_generated|counter_reg_bit1a[4]                 ; |g01_HMS_Counter|lpm_counter:counter_minutes|cntr_gvj:auto_generated|safe_q[4]                            ; regout           ;
; |g01_HMS_Counter|lpm_counter:counter_minutes|cntr_gvj:auto_generated|counter_reg_bit1a[3]                 ; |g01_HMS_Counter|lpm_counter:counter_minutes|cntr_gvj:auto_generated|safe_q[3]                            ; regout           ;
; |g01_HMS_Counter|lpm_counter:counter_minutes|cntr_gvj:auto_generated|counter_reg_bit1a[2]                 ; |g01_HMS_Counter|lpm_counter:counter_minutes|cntr_gvj:auto_generated|safe_q[2]                            ; regout           ;
; |g01_HMS_Counter|lpm_counter:counter_minutes|cntr_gvj:auto_generated|counter_reg_bit1a[1]                 ; |g01_HMS_Counter|lpm_counter:counter_minutes|cntr_gvj:auto_generated|safe_q[1]                            ; regout           ;
; |g01_HMS_Counter|lpm_counter:counter_minutes|cntr_gvj:auto_generated|counter_reg_bit1a[0]                 ; |g01_HMS_Counter|lpm_counter:counter_minutes|cntr_gvj:auto_generated|safe_q[0]                            ; regout           ;
; |g01_HMS_Counter|lpm_counter:counter_minutes|cntr_gvj:auto_generated|cmpr_acc:cmpr2|aneb_result_wire[0]~0 ; |g01_HMS_Counter|lpm_counter:counter_minutes|cntr_gvj:auto_generated|cmpr_acc:cmpr2|aneb_result_wire[0]~0 ; out0             ;
; |g01_HMS_Counter|lpm_counter:counter_minutes|cntr_gvj:auto_generated|cmpr_acc:cmpr2|aneb_result_wire[0]   ; |g01_HMS_Counter|lpm_counter:counter_minutes|cntr_gvj:auto_generated|cmpr_acc:cmpr2|aneb_result_wire[0]   ; out0             ;
; |g01_HMS_Counter|lpm_counter:counter_minutes|cntr_gvj:auto_generated|cmpr_acc:cmpr2|data_wire[2]          ; |g01_HMS_Counter|lpm_counter:counter_minutes|cntr_gvj:auto_generated|cmpr_acc:cmpr2|data_wire[2]          ; out0             ;
; |g01_HMS_Counter|lpm_counter:counter_minutes|cntr_gvj:auto_generated|cmpr_acc:cmpr2|data_wire[1]          ; |g01_HMS_Counter|lpm_counter:counter_minutes|cntr_gvj:auto_generated|cmpr_acc:cmpr2|data_wire[1]          ; out0             ;
; |g01_HMS_Counter|lpm_counter:counter_minutes|cntr_gvj:auto_generated|cmpr_acc:cmpr2|data_wire[0]          ; |g01_HMS_Counter|lpm_counter:counter_minutes|cntr_gvj:auto_generated|cmpr_acc:cmpr2|data_wire[0]          ; out0             ;
; |g01_HMS_Counter|lpm_counter:counter_seconds|cntr_gvj:auto_generated|_~2                                  ; |g01_HMS_Counter|lpm_counter:counter_seconds|cntr_gvj:auto_generated|_~2                                  ; out0             ;
; |g01_HMS_Counter|lpm_counter:counter_seconds|cntr_gvj:auto_generated|_~11                                 ; |g01_HMS_Counter|lpm_counter:counter_seconds|cntr_gvj:auto_generated|_~11                                 ; out0             ;
; |g01_HMS_Counter|lpm_counter:counter_seconds|cntr_gvj:auto_generated|counter_reg_bit1a[5]~7               ; |g01_HMS_Counter|lpm_counter:counter_seconds|cntr_gvj:auto_generated|counter_reg_bit1a[5]~7               ; out0             ;
; |g01_HMS_Counter|lpm_counter:counter_seconds|cntr_gvj:auto_generated|cout_actual                          ; |g01_HMS_Counter|lpm_counter:counter_seconds|cntr_gvj:auto_generated|cout_actual                          ; out0             ;
; |g01_HMS_Counter|lpm_counter:counter_seconds|cntr_gvj:auto_generated|counter_comb_bita0                   ; |g01_HMS_Counter|lpm_counter:counter_seconds|cntr_gvj:auto_generated|counter_comb_bita0                   ; combout          ;
; |g01_HMS_Counter|lpm_counter:counter_seconds|cntr_gvj:auto_generated|counter_comb_bita0                   ; |g01_HMS_Counter|lpm_counter:counter_seconds|cntr_gvj:auto_generated|counter_comb_bita0~COUT              ; cout             ;
; |g01_HMS_Counter|lpm_counter:counter_seconds|cntr_gvj:auto_generated|counter_comb_bita1                   ; |g01_HMS_Counter|lpm_counter:counter_seconds|cntr_gvj:auto_generated|counter_comb_bita1                   ; combout          ;
; |g01_HMS_Counter|lpm_counter:counter_seconds|cntr_gvj:auto_generated|counter_comb_bita1                   ; |g01_HMS_Counter|lpm_counter:counter_seconds|cntr_gvj:auto_generated|counter_comb_bita1~COUT              ; cout             ;
; |g01_HMS_Counter|lpm_counter:counter_seconds|cntr_gvj:auto_generated|counter_comb_bita2                   ; |g01_HMS_Counter|lpm_counter:counter_seconds|cntr_gvj:auto_generated|counter_comb_bita2                   ; combout          ;
; |g01_HMS_Counter|lpm_counter:counter_seconds|cntr_gvj:auto_generated|counter_comb_bita2                   ; |g01_HMS_Counter|lpm_counter:counter_seconds|cntr_gvj:auto_generated|counter_comb_bita2~COUT              ; cout             ;
; |g01_HMS_Counter|lpm_counter:counter_seconds|cntr_gvj:auto_generated|counter_comb_bita3                   ; |g01_HMS_Counter|lpm_counter:counter_seconds|cntr_gvj:auto_generated|counter_comb_bita3                   ; combout          ;
; |g01_HMS_Counter|lpm_counter:counter_seconds|cntr_gvj:auto_generated|counter_comb_bita3                   ; |g01_HMS_Counter|lpm_counter:counter_seconds|cntr_gvj:auto_generated|counter_comb_bita3~COUT              ; cout             ;
; |g01_HMS_Counter|lpm_counter:counter_seconds|cntr_gvj:auto_generated|counter_comb_bita4                   ; |g01_HMS_Counter|lpm_counter:counter_seconds|cntr_gvj:auto_generated|counter_comb_bita4                   ; combout          ;
; |g01_HMS_Counter|lpm_counter:counter_seconds|cntr_gvj:auto_generated|counter_comb_bita4                   ; |g01_HMS_Counter|lpm_counter:counter_seconds|cntr_gvj:auto_generated|counter_comb_bita4~COUT              ; cout             ;
; |g01_HMS_Counter|lpm_counter:counter_seconds|cntr_gvj:auto_generated|counter_comb_bita5                   ; |g01_HMS_Counter|lpm_counter:counter_seconds|cntr_gvj:auto_generated|counter_comb_bita5                   ; combout          ;
; |g01_HMS_Counter|lpm_counter:counter_seconds|cntr_gvj:auto_generated|counter_comb_bita5                   ; |g01_HMS_Counter|lpm_counter:counter_seconds|cntr_gvj:auto_generated|counter_comb_bita5~COUT              ; cout             ;
; |g01_HMS_Counter|lpm_counter:counter_seconds|cntr_gvj:auto_generated|counter_reg_bit1a[5]                 ; |g01_HMS_Counter|lpm_counter:counter_seconds|cntr_gvj:auto_generated|safe_q[5]                            ; regout           ;
; |g01_HMS_Counter|lpm_counter:counter_seconds|cntr_gvj:auto_generated|counter_reg_bit1a[4]                 ; |g01_HMS_Counter|lpm_counter:counter_seconds|cntr_gvj:auto_generated|safe_q[4]                            ; regout           ;
; |g01_HMS_Counter|lpm_counter:counter_seconds|cntr_gvj:auto_generated|counter_reg_bit1a[3]                 ; |g01_HMS_Counter|lpm_counter:counter_seconds|cntr_gvj:auto_generated|safe_q[3]                            ; regout           ;
; |g01_HMS_Counter|lpm_counter:counter_seconds|cntr_gvj:auto_generated|counter_reg_bit1a[2]                 ; |g01_HMS_Counter|lpm_counter:counter_seconds|cntr_gvj:auto_generated|safe_q[2]                            ; regout           ;
; |g01_HMS_Counter|lpm_counter:counter_seconds|cntr_gvj:auto_generated|counter_reg_bit1a[1]                 ; |g01_HMS_Counter|lpm_counter:counter_seconds|cntr_gvj:auto_generated|safe_q[1]                            ; regout           ;
; |g01_HMS_Counter|lpm_counter:counter_seconds|cntr_gvj:auto_generated|counter_reg_bit1a[0]                 ; |g01_HMS_Counter|lpm_counter:counter_seconds|cntr_gvj:auto_generated|safe_q[0]                            ; regout           ;
; |g01_HMS_Counter|lpm_counter:counter_seconds|cntr_gvj:auto_generated|cmpr_acc:cmpr2|aneb_result_wire[0]~0 ; |g01_HMS_Counter|lpm_counter:counter_seconds|cntr_gvj:auto_generated|cmpr_acc:cmpr2|aneb_result_wire[0]~0 ; out0             ;
; |g01_HMS_Counter|lpm_counter:counter_seconds|cntr_gvj:auto_generated|cmpr_acc:cmpr2|aneb_result_wire[0]   ; |g01_HMS_Counter|lpm_counter:counter_seconds|cntr_gvj:auto_generated|cmpr_acc:cmpr2|aneb_result_wire[0]   ; out0             ;
; |g01_HMS_Counter|lpm_counter:counter_seconds|cntr_gvj:auto_generated|cmpr_acc:cmpr2|data_wire[2]          ; |g01_HMS_Counter|lpm_counter:counter_seconds|cntr_gvj:auto_generated|cmpr_acc:cmpr2|data_wire[2]          ; out0             ;
; |g01_HMS_Counter|lpm_counter:counter_seconds|cntr_gvj:auto_generated|cmpr_acc:cmpr2|data_wire[1]          ; |g01_HMS_Counter|lpm_counter:counter_seconds|cntr_gvj:auto_generated|cmpr_acc:cmpr2|data_wire[1]          ; out0             ;
; |g01_HMS_Counter|lpm_counter:counter_seconds|cntr_gvj:auto_generated|cmpr_acc:cmpr2|data_wire[0]          ; |g01_HMS_Counter|lpm_counter:counter_seconds|cntr_gvj:auto_generated|cmpr_acc:cmpr2|data_wire[0]          ; out0             ;
; |g01_HMS_Counter|Equal0~0                                                                                 ; |g01_HMS_Counter|Equal0~0                                                                                 ; out0             ;
; |g01_HMS_Counter|Equal1~0                                                                                 ; |g01_HMS_Counter|Equal1~0                                                                                 ; out0             ;
; |g01_HMS_Counter|Equal2~0                                                                                 ; |g01_HMS_Counter|Equal2~0                                                                                 ; out0             ;
+-----------------------------------------------------------------------------------------------------------+-----------------------------------------------------------------------------------------------------------+------------------+


The following table displays output ports that do not toggle to 1 during simulation.
+-------------------------------------------------------------------------------------------------------------------------------------------------------------------------------------------------------+
; Missing 1-Value Coverage                                                                                                                                                                              ;
+---------------------------------------------------------------------------------------+--------------------------------------------------------------------------------------------+------------------+
; Node Name                                                                             ; Output Port Name                                                                           ; Output Port Type ;
+---------------------------------------------------------------------------------------+--------------------------------------------------------------------------------------------+------------------+
; |g01_HMS_Counter|H_Set[0]                                                             ; |g01_HMS_Counter|H_Set[0]                                                                  ; out              ;
; |g01_HMS_Counter|H_Set[1]                                                             ; |g01_HMS_Counter|H_Set[1]                                                                  ; out              ;
; |g01_HMS_Counter|H_Set[2]                                                             ; |g01_HMS_Counter|H_Set[2]                                                                  ; out              ;
; |g01_HMS_Counter|H_Set[3]                                                             ; |g01_HMS_Counter|H_Set[3]                                                                  ; out              ;
; |g01_HMS_Counter|H_Set[4]                                                             ; |g01_HMS_Counter|H_Set[4]                                                                  ; out              ;
; |g01_HMS_Counter|M_Set[0]                                                             ; |g01_HMS_Counter|M_Set[0]                                                                  ; out              ;
; |g01_HMS_Counter|M_Set[1]                                                             ; |g01_HMS_Counter|M_Set[1]                                                                  ; out              ;
; |g01_HMS_Counter|M_Set[2]                                                             ; |g01_HMS_Counter|M_Set[2]                                                                  ; out              ;
; |g01_HMS_Counter|M_Set[3]                                                             ; |g01_HMS_Counter|M_Set[3]                                                                  ; out              ;
; |g01_HMS_Counter|M_Set[4]                                                             ; |g01_HMS_Counter|M_Set[4]                                                                  ; out              ;
; |g01_HMS_Counter|M_Set[5]                                                             ; |g01_HMS_Counter|M_Set[5]                                                                  ; out              ;
; |g01_HMS_Counter|S_Set[0]                                                             ; |g01_HMS_Counter|S_Set[0]                                                                  ; out              ;
; |g01_HMS_Counter|S_Set[1]                                                             ; |g01_HMS_Counter|S_Set[1]                                                                  ; out              ;
; |g01_HMS_Counter|S_Set[2]                                                             ; |g01_HMS_Counter|S_Set[2]                                                                  ; out              ;
; |g01_HMS_Counter|S_Set[3]                                                             ; |g01_HMS_Counter|S_Set[3]                                                                  ; out              ;
; |g01_HMS_Counter|S_Set[4]                                                             ; |g01_HMS_Counter|S_Set[4]                                                                  ; out              ;
; |g01_HMS_Counter|S_Set[5]                                                             ; |g01_HMS_Counter|S_Set[5]                                                                  ; out              ;
; |g01_HMS_Counter|lpm_counter:counter_hours|cntr_fvj:auto_generated|_~11               ; |g01_HMS_Counter|lpm_counter:counter_hours|cntr_fvj:auto_generated|_~11                    ; out0             ;
; |g01_HMS_Counter|lpm_counter:counter_hours|cntr_fvj:auto_generated|_~14               ; |g01_HMS_Counter|lpm_counter:counter_hours|cntr_fvj:auto_generated|_~14                    ; out0             ;
; |g01_HMS_Counter|lpm_counter:counter_hours|cntr_fvj:auto_generated|counter_comb_bita4 ; |g01_HMS_Counter|lpm_counter:counter_hours|cntr_fvj:auto_generated|counter_comb_bita4~COUT ; cout             ;
; |g01_HMS_Counter|lpm_counter:counter_minutes|cntr_gvj:auto_generated|_~11             ; |g01_HMS_Counter|lpm_counter:counter_minutes|cntr_gvj:auto_generated|_~11                  ; out0             ;
; |g01_HMS_Counter|lpm_counter:counter_minutes|cntr_gvj:auto_generated|_~14             ; |g01_HMS_Counter|lpm_counter:counter_minutes|cntr_gvj:auto_generated|_~14                  ; out0             ;
; |g01_HMS_Counter|lpm_counter:counter_minutes|cntr_gvj:auto_generated|_~15             ; |g01_HMS_Counter|lpm_counter:counter_minutes|cntr_gvj:auto_generated|_~15                  ; out0             ;
; |g01_HMS_Counter|lpm_counter:counter_seconds|cntr_gvj:auto_generated|_~12             ; |g01_HMS_Counter|lpm_counter:counter_seconds|cntr_gvj:auto_generated|_~12                  ; out0             ;
; |g01_HMS_Counter|lpm_counter:counter_seconds|cntr_gvj:auto_generated|_~13             ; |g01_HMS_Counter|lpm_counter:counter_seconds|cntr_gvj:auto_generated|_~13                  ; out0             ;
; |g01_HMS_Counter|lpm_counter:counter_seconds|cntr_gvj:auto_generated|_~14             ; |g01_HMS_Counter|lpm_counter:counter_seconds|cntr_gvj:auto_generated|_~14                  ; out0             ;
; |g01_HMS_Counter|lpm_counter:counter_seconds|cntr_gvj:auto_generated|_~15             ; |g01_HMS_Counter|lpm_counter:counter_seconds|cntr_gvj:auto_generated|_~15                  ; out0             ;
; |g01_HMS_Counter|lpm_counter:counter_seconds|cntr_gvj:auto_generated|_~16             ; |g01_HMS_Counter|lpm_counter:counter_seconds|cntr_gvj:auto_generated|_~16                  ; out0             ;
+---------------------------------------------------------------------------------------+--------------------------------------------------------------------------------------------+------------------+


The following table displays output ports that do not toggle to 0 during simulation.
+-------------------------------------------------------------------------------------------------------------------------------------------------------------------------------------------------------+
; Missing 0-Value Coverage                                                                                                                                                                              ;
+---------------------------------------------------------------------------------------+--------------------------------------------------------------------------------------------+------------------+
; Node Name                                                                             ; Output Port Name                                                                           ; Output Port Type ;
+---------------------------------------------------------------------------------------+--------------------------------------------------------------------------------------------+------------------+
; |g01_HMS_Counter|count_enable                                                         ; |g01_HMS_Counter|count_enable                                                              ; out              ;
; |g01_HMS_Counter|H_Set[0]                                                             ; |g01_HMS_Counter|H_Set[0]                                                                  ; out              ;
; |g01_HMS_Counter|H_Set[1]                                                             ; |g01_HMS_Counter|H_Set[1]                                                                  ; out              ;
; |g01_HMS_Counter|H_Set[2]                                                             ; |g01_HMS_Counter|H_Set[2]                                                                  ; out              ;
; |g01_HMS_Counter|H_Set[3]                                                             ; |g01_HMS_Counter|H_Set[3]                                                                  ; out              ;
; |g01_HMS_Counter|H_Set[4]                                                             ; |g01_HMS_Counter|H_Set[4]                                                                  ; out              ;
; |g01_HMS_Counter|M_Set[0]                                                             ; |g01_HMS_Counter|M_Set[0]                                                                  ; out              ;
; |g01_HMS_Counter|M_Set[1]                                                             ; |g01_HMS_Counter|M_Set[1]                                                                  ; out              ;
; |g01_HMS_Counter|M_Set[2]                                                             ; |g01_HMS_Counter|M_Set[2]                                                                  ; out              ;
; |g01_HMS_Counter|M_Set[3]                                                             ; |g01_HMS_Counter|M_Set[3]                                                                  ; out              ;
; |g01_HMS_Counter|M_Set[4]                                                             ; |g01_HMS_Counter|M_Set[4]                                                                  ; out              ;
; |g01_HMS_Counter|M_Set[5]                                                             ; |g01_HMS_Counter|M_Set[5]                                                                  ; out              ;
; |g01_HMS_Counter|S_Set[0]                                                             ; |g01_HMS_Counter|S_Set[0]                                                                  ; out              ;
; |g01_HMS_Counter|S_Set[1]                                                             ; |g01_HMS_Counter|S_Set[1]                                                                  ; out              ;
; |g01_HMS_Counter|S_Set[2]                                                             ; |g01_HMS_Counter|S_Set[2]                                                                  ; out              ;
; |g01_HMS_Counter|S_Set[3]                                                             ; |g01_HMS_Counter|S_Set[3]                                                                  ; out              ;
; |g01_HMS_Counter|S_Set[4]                                                             ; |g01_HMS_Counter|S_Set[4]                                                                  ; out              ;
; |g01_HMS_Counter|S_Set[5]                                                             ; |g01_HMS_Counter|S_Set[5]                                                                  ; out              ;
; |g01_HMS_Counter|lpm_counter:counter_hours|cntr_fvj:auto_generated|_~11               ; |g01_HMS_Counter|lpm_counter:counter_hours|cntr_fvj:auto_generated|_~11                    ; out0             ;
; |g01_HMS_Counter|lpm_counter:counter_hours|cntr_fvj:auto_generated|_~14               ; |g01_HMS_Counter|lpm_counter:counter_hours|cntr_fvj:auto_generated|_~14                    ; out0             ;
; |g01_HMS_Counter|lpm_counter:counter_hours|cntr_fvj:auto_generated|counter_comb_bita4 ; |g01_HMS_Counter|lpm_counter:counter_hours|cntr_fvj:auto_generated|counter_comb_bita4~COUT ; cout             ;
; |g01_HMS_Counter|lpm_counter:counter_minutes|cntr_gvj:auto_generated|_~11             ; |g01_HMS_Counter|lpm_counter:counter_minutes|cntr_gvj:auto_generated|_~11                  ; out0             ;
; |g01_HMS_Counter|lpm_counter:counter_minutes|cntr_gvj:auto_generated|_~14             ; |g01_HMS_Counter|lpm_counter:counter_minutes|cntr_gvj:auto_generated|_~14                  ; out0             ;
; |g01_HMS_Counter|lpm_counter:counter_minutes|cntr_gvj:auto_generated|_~15             ; |g01_HMS_Counter|lpm_counter:counter_minutes|cntr_gvj:auto_generated|_~15                  ; out0             ;
; |g01_HMS_Counter|lpm_counter:counter_seconds|cntr_gvj:auto_generated|_~12             ; |g01_HMS_Counter|lpm_counter:counter_seconds|cntr_gvj:auto_generated|_~12                  ; out0             ;
; |g01_HMS_Counter|lpm_counter:counter_seconds|cntr_gvj:auto_generated|_~13             ; |g01_HMS_Counter|lpm_counter:counter_seconds|cntr_gvj:auto_generated|_~13                  ; out0             ;
; |g01_HMS_Counter|lpm_counter:counter_seconds|cntr_gvj:auto_generated|_~14             ; |g01_HMS_Counter|lpm_counter:counter_seconds|cntr_gvj:auto_generated|_~14                  ; out0             ;
; |g01_HMS_Counter|lpm_counter:counter_seconds|cntr_gvj:auto_generated|_~15             ; |g01_HMS_Counter|lpm_counter:counter_seconds|cntr_gvj:auto_generated|_~15                  ; out0             ;
; |g01_HMS_Counter|lpm_counter:counter_seconds|cntr_gvj:auto_generated|_~16             ; |g01_HMS_Counter|lpm_counter:counter_seconds|cntr_gvj:auto_generated|_~16                  ; out0             ;
+---------------------------------------------------------------------------------------+--------------------------------------------------------------------------------------------+------------------+


+---------------------+
; Simulator INI Usage ;
+--------+------------+
; Option ; Usage      ;
+--------+------------+


+--------------------+
; Simulator Messages ;
+--------------------+
Info: *******************************************************************
Info: Running Quartus II 64-Bit Simulator
    Info: Version 9.1 Build 350 03/24/2010 Service Pack 2 SJ Full Version
    Info: Processing started: Thu Mar 13 14:14:44 2014
Info: Command: quartus_sim --read_settings_files=on --write_settings_files=off Lab3 -c Lab3
Info: Using vector source file "C:/Lab3/Lab3/g01_HMS_Counter.vwf"
Info: Overwriting simulation input file with simulation results
    Info: A backup of g01_HMS_Counter.vwf called Lab3.sim_ori.vwf has been created in the db folder
Warning: Signal clk does not exist in waveform. Ignore comparison settings on this signal.
Warning: Signal enable does not exist in waveform. Ignore comparison settings on this signal.
Warning: Signal epulse does not exist in waveform. Ignore comparison settings on this signal.
Warning: Signal g01_Earth_Mars_Timer:inst|g01_Basic_Timer:earth|q does not exist in waveform. Ignore comparison settings on this signal.
Warning: Signal g01_Earth_Mars_Timer:inst|g01_Basic_Timer:earth|q[0] does not exist in waveform. Ignore comparison settings on this signal.
Warning: Signal g01_Earth_Mars_Timer:inst|g01_Basic_Timer:earth|q[10] does not exist in waveform. Ignore comparison settings on this signal.
Warning: Signal g01_Earth_Mars_Timer:inst|g01_Basic_Timer:earth|q[11] does not exist in waveform. Ignore comparison settings on this signal.
Warning: Signal g01_Earth_Mars_Timer:inst|g01_Basic_Timer:earth|q[12] does not exist in waveform. Ignore comparison settings on this signal.
Warning: Signal g01_Earth_Mars_Timer:inst|g01_Basic_Timer:earth|q[13] does not exist in waveform. Ignore comparison settings on this signal.
Warning: Signal g01_Earth_Mars_Timer:inst|g01_Basic_Timer:earth|q[14] does not exist in waveform. Ignore comparison settings on this signal.
Warning: Signal g01_Earth_Mars_Timer:inst|g01_Basic_Timer:earth|q[15] does not exist in waveform. Ignore comparison settings on this signal.
Warning: Signal g01_Earth_Mars_Timer:inst|g01_Basic_Timer:earth|q[16] does not exist in waveform. Ignore comparison settings on this signal.
Warning: Signal g01_Earth_Mars_Timer:inst|g01_Basic_Timer:earth|q[17] does not exist in waveform. Ignore comparison settings on this signal.
Warning: Signal g01_Earth_Mars_Timer:inst|g01_Basic_Timer:earth|q[18] does not exist in waveform. Ignore comparison settings on this signal.
Warning: Signal g01_Earth_Mars_Timer:inst|g01_Basic_Timer:earth|q[19] does not exist in waveform. Ignore comparison settings on this signal.
Warning: Signal g01_Earth_Mars_Timer:inst|g01_Basic_Timer:earth|q[1] does not exist in waveform. Ignore comparison settings on this signal.
Warning: Signal g01_Earth_Mars_Timer:inst|g01_Basic_Timer:earth|q[20] does not exist in waveform. Ignore comparison settings on this signal.
Warning: Signal g01_Earth_Mars_Timer:inst|g01_Basic_Timer:earth|q[21] does not exist in waveform. Ignore comparison settings on this signal.
Warning: Signal g01_Earth_Mars_Timer:inst|g01_Basic_Timer:earth|q[22] does not exist in waveform. Ignore comparison settings on this signal.
Warning: Signal g01_Earth_Mars_Timer:inst|g01_Basic_Timer:earth|q[23] does not exist in waveform. Ignore comparison settings on this signal.
Warning: Signal g01_Earth_Mars_Timer:inst|g01_Basic_Timer:earth|q[24] does not exist in waveform. Ignore comparison settings on this signal.
Warning: Signal g01_Earth_Mars_Timer:inst|g01_Basic_Timer:earth|q[25] does not exist in waveform. Ignore comparison settings on this signal.
Warning: Signal g01_Earth_Mars_Timer:inst|g01_Basic_Timer:earth|q[26] does not exist in waveform. Ignore comparison settings on this signal.
Warning: Signal g01_Earth_Mars_Timer:inst|g01_Basic_Timer:earth|q[27] does not exist in waveform. Ignore comparison settings on this signal.
Warning: Signal g01_Earth_Mars_Timer:inst|g01_Basic_Timer:earth|q[28] does not exist in waveform. Ignore comparison settings on this signal.
Warning: Signal g01_Earth_Mars_Timer:inst|g01_Basic_Timer:earth|q[29] does not exist in waveform. Ignore comparison settings on this signal.
Warning: Signal g01_Earth_Mars_Timer:inst|g01_Basic_Timer:earth|q[2] does not exist in waveform. Ignore comparison settings on this signal.
Warning: Signal g01_Earth_Mars_Timer:inst|g01_Basic_Timer:earth|q[30] does not exist in waveform. Ignore comparison settings on this signal.
Warning: Signal g01_Earth_Mars_Timer:inst|g01_Basic_Timer:earth|q[31] does not exist in waveform. Ignore comparison settings on this signal.
Warning: Signal g01_Earth_Mars_Timer:inst|g01_Basic_Timer:earth|q[32] does not exist in waveform. Ignore comparison settings on this signal.
Warning: Signal g01_Earth_Mars_Timer:inst|g01_Basic_Timer:earth|q[33] does not exist in waveform. Ignore comparison settings on this signal.
Warning: Signal g01_Earth_Mars_Timer:inst|g01_Basic_Timer:earth|q[34] does not exist in waveform. Ignore comparison settings on this signal.
Warning: Signal g01_Earth_Mars_Timer:inst|g01_Basic_Timer:earth|q[35] does not exist in waveform. Ignore comparison settings on this signal.
Warning: Signal g01_Earth_Mars_Timer:inst|g01_Basic_Timer:earth|q[36] does not exist in waveform. Ignore comparison settings on this signal.
Warning: Signal g01_Earth_Mars_Timer:inst|g01_Basic_Timer:earth|q[37] does not exist in waveform. Ignore comparison settings on this signal.
Warning: Signal g01_Earth_Mars_Timer:inst|g01_Basic_Timer:earth|q[38] does not exist in waveform. Ignore comparison settings on this signal.
Warning: Signal g01_Earth_Mars_Timer:inst|g01_Basic_Timer:earth|q[39] does not exist in waveform. Ignore comparison settings on this signal.
Warning: Signal g01_Earth_Mars_Timer:inst|g01_Basic_Timer:earth|q[3] does not exist in waveform. Ignore comparison settings on this signal.
Warning: Signal g01_Earth_Mars_Timer:inst|g01_Basic_Timer:earth|q[4] does not exist in waveform. Ignore comparison settings on this signal.
Warning: Signal g01_Earth_Mars_Timer:inst|g01_Basic_Timer:earth|q[5] does not exist in waveform. Ignore comparison settings on this signal.
Warning: Signal g01_Earth_Mars_Timer:inst|g01_Basic_Timer:earth|q[6] does not exist in waveform. Ignore comparison settings on this signal.
Warning: Signal g01_Earth_Mars_Timer:inst|g01_Basic_Timer:earth|q[7] does not exist in waveform. Ignore comparison settings on this signal.
Warning: Signal g01_Earth_Mars_Timer:inst|g01_Basic_Timer:earth|q[8] does not exist in waveform. Ignore comparison settings on this signal.
Warning: Signal g01_Earth_Mars_Timer:inst|g01_Basic_Timer:earth|q[9] does not exist in waveform. Ignore comparison settings on this signal.
Info: Option to preserve fewer signal transitions to reduce memory requirements is enabled
    Info: Simulation has been partitioned into sub-simulations according to the maximum transition count determined by the engine. Transitions from memory will be flushed out to disk at the end of each sub-simulation to reduce memory requirements.
Warning: Found clock-sensitive change during active clock edge at time 60.0 ns on register "|g01_HMS_Counter|old_sec_clock"
Warning: Found clock-sensitive change during active clock edge at time 5.46 ms on register "|g01_HMS_Counter|end_of_day~reg0"
Info: Simulation partitioned into 1 sub-simulations
Info: Simulation coverage is      81.17 %
Info: Number of transitions in simulation is 3904681
Info: Vector file g01_HMS_Counter.vwf is saved in VWF text format. You can compress it into CVWF format in order to reduce file size. For more details please refer to the Quartus II Help.
Info: Quartus II 64-Bit Simulator was successful. 0 errors, 46 warnings
    Info: Peak virtual memory: 178 megabytes
    Info: Processing ended: Thu Mar 13 14:15:14 2014
    Info: Elapsed time: 00:00:30
    Info: Total CPU time (on all processors): 00:00:28


